[2025-01-27 08:33:49,378: INFO: main: welcome to our custom datascience projec]
[2025-01-27 08:33:49,379: INFO: main: >>>>>> stage Data Ingestion stage started <<<<<<]
[2025-01-27 08:33:49,380: INFO: common: yaml file: config\config.yaml loaded successfully]
[2025-01-27 08:33:49,382: INFO: common: yaml file: params.yaml loaded successfully]
[2025-01-27 08:33:49,383: INFO: common: yaml file: schema.yaml loaded successfully]
[2025-01-27 08:33:49,384: INFO: common: created directory at: artifacts]
[2025-01-27 08:33:49,385: INFO: common: created directory at: artifacts/data_ingestion]
[2025-01-27 08:33:50,588: INFO: data_ingestion: artifacts/data_ingestion/data.zip download! with following info: 
Connection: close
Content-Length: 23329
Cache-Control: max-age=300
Content-Security-Policy: default-src 'none'; style-src 'unsafe-inline'; sandbox
Content-Type: application/zip
ETag: "c69888a4ae59bc5a893392785a938ccd4937981c06ba8a9d6a21aa52b4ab5b6e"
Strict-Transport-Security: max-age=31536000
X-Content-Type-Options: nosniff
X-Frame-Options: deny
X-XSS-Protection: 1; mode=block
X-GitHub-Request-Id: 2AB6:38F271:10E731:11648C:6797B56A
Accept-Ranges: bytes
Date: Mon, 27 Jan 2025 16:33:47 GMT
Via: 1.1 varnish
X-Served-By: cache-mrs10547-MRS
X-Cache: MISS
X-Cache-Hits: 0
X-Timer: S1737995627.955013,VS0,VE408
Vary: Authorization,Accept-Encoding,Origin
Access-Control-Allow-Origin: *
Cross-Origin-Resource-Policy: cross-origin
X-Fastly-Request-ID: f90ada975e8b759d5ba910043b49e01f983a820f
Expires: Mon, 27 Jan 2025 16:38:47 GMT
Source-Age: 0

]
[2025-01-27 08:33:50,599: INFO: main: >>>>>> stage Data Ingestion stage completed <<<<<<

x==========x]
